# JRE version: OpenJDK Runtime Environment (17.0.6) (build 17.0.6+0-b2043.56-10027231)
# Java VM: OpenJDK 64-Bit Server VM (17.0.6+0-b2043.56-10027231, mixed mode, tiered, compressed oops, compressed class ptrs, g1 gc, windows-amd64)
GC Precious Log:
 CPUs: 6 total, 6 available
 Memory: 16315M
 Large Page Support: Disabled
 NUMA Support: Disabled
 Compressed Oops: Enabled (32-bit)
 Heap Region Size: 1M
 Heap Min Capacity: 8M
 Heap Initial Capacity: 256M
 Heap Max Capacity: 2G
 Pre-touch: Disabled
 Parallel Workers: 6
 Concurrent Workers: 2
 Concurrent Refinement Workers: 6
 Periodic GC: Disabled
Heap:
 garbage-first heap   total 450560K, used 298769K [0x0000000080000000, 0x0000000100000000)
  region size 1024K, 69 young (70656K), 11 survivors (11264K)
 Metaspace       used 168003K, committed 168896K, reserved 1196032K
  class space    used 21622K, committed 22016K, reserved 1048576K
GC Heap History (20 events):
Event: 23.357 GC heap before
{Heap before GC invocations=39 (full 0):
 garbage-first heap   total 450560K, used 335377K [0x0000000080000000, 0x0000000100000000)
  region size 1024K, 191 young (195584K), 13 survivors (13312K)
 Metaspace       used 125943K, committed 126784K, reserved 1163264K
  class space    used 16414K, committed 16832K, reserved 1048576K
}
Event: 23.370 GC heap after
{Heap after GC invocations=40 (full 0):
 garbage-first heap   total 450560K, used 166552K [0x0000000080000000, 0x0000000100000000)
  region size 1024K, 24 young (24576K), 24 survivors (24576K)
 Metaspace       used 125943K, committed 126784K, reserved 1163264K
  class space    used 16414K, committed 16832K, reserved 1048576K
}
Event: 24.484 GC heap before
{Heap before GC invocations=40 (full 0):
 garbage-first heap   total 450560K, used 253592K [0x0000000080000000, 0x0000000100000000)
  region size 1024K, 111 young (113664K), 24 survivors (24576K)
 Metaspace       used 139412K, committed 140288K, reserved 1171456K
  class space    used 17836K, committed 18240K, reserved 1048576K
}
Event: 24.495 GC heap after
{Heap after GC invocations=41 (full 0):
 garbage-first heap   total 450560K, used 170740K [0x0000000080000000, 0x0000000100000000)
  region size 1024K, 16 young (16384K), 16 survivors (16384K)
 Metaspace       used 139412K, committed 140288K, reserved 1171456K
  class space    used 17836K, committed 18240K, reserved 1048576K
}
Event: 26.977 GC heap before
{Heap before GC invocations=42 (full 0):
 garbage-first heap   total 450560K, used 384756K [0x0000000080000000, 0x0000000100000000)
  region size 1024K, 198 young (202752K), 16 survivors (16384K)
 Metaspace       used 151835K, committed 152704K, reserved 1187840K
  class space    used 19677K, committed 20096K, reserved 1048576K
}
Event: 26.998 GC heap after
{Heap after GC invocations=43 (full 0):
 garbage-first heap   total 450560K, used 220160K [0x0000000080000000, 0x0000000100000000)
  region size 1024K, 25 young (25600K), 25 survivors (25600K)
 Metaspace       used 151835K, committed 152704K, reserved 1187840K
  class space    used 19677K, committed 20096K, reserved 1048576K
}
Event: 27.007 GC heap before
{Heap before GC invocations=43 (full 0):
 garbage-first heap   total 450560K, used 220160K [0x0000000080000000, 0x0000000100000000)
  region size 1024K, 26 young (26624K), 25 survivors (25600K)
 Metaspace       used 151835K, committed 152704K, reserved 1187840K
  class space    used 19677K, committed 20096K, reserved 1048576K
}
Event: 27.019 GC heap after
{Heap after GC invocations=44 (full 0):
 garbage-first heap   total 450560K, used 222208K [0x0000000080000000, 0x0000000100000000)
  region size 1024K, 3 young (3072K), 3 survivors (3072K)
 Metaspace       used 151835K, committed 152704K, reserved 1187840K
  class space    used 19677K, committed 20096K, reserved 1048576K
}
Event: 27.791 GC heap before
{Heap before GC invocations=44 (full 0):
 garbage-first heap   total 450560K, used 352256K [0x0000000080000000, 0x0000000100000000)
  region size 1024K, 130 young (133120K), 3 survivors (3072K)
 Metaspace       used 151867K, committed 152704K, reserved 1187840K
  class space    used 19678K, committed 20096K, reserved 1048576K
}
Event: 27.794 GC heap after
{Heap after GC invocations=45 (full 0):
 garbage-first heap   total 450560K, used 226158K [0x0000000080000000, 0x0000000100000000)
  region size 1024K, 7 young (7168K), 7 survivors (7168K)
 Metaspace       used 151867K, committed 152704K, reserved 1187840K
  class space    used 19678K, committed 20096K, reserved 1048576K
}
Event: 28.654 GC heap before
{Heap before GC invocations=45 (full 0):
 garbage-first heap   total 450560K, used 359278K [0x0000000080000000, 0x0000000100000000)
  region size 1024K, 137 young (140288K), 7 survivors (7168K)
 Metaspace       used 151869K, committed 152704K, reserved 1187840K
  class space    used 19678K, committed 20096K, reserved 1048576K
}
Event: 28.658 GC heap after
{Heap after GC invocations=46 (full 0):
 garbage-first heap   total 450560K, used 230676K [0x0000000080000000, 0x0000000100000000)
  region size 1024K, 11 young (11264K), 11 survivors (11264K)
 Metaspace       used 151869K, committed 152704K, reserved 1187840K
  class space    used 19678K, committed 20096K, reserved 1048576K
}
Event: 29.223 GC heap before
{Heap before GC invocations=46 (full 0):
 garbage-first heap   total 450560K, used 349460K [0x0000000080000000, 0x0000000100000000)
  region size 1024K, 128 young (131072K), 11 survivors (11264K)
 Metaspace       used 151913K, committed 152768K, reserved 1187840K
  class space    used 19688K, committed 20096K, reserved 1048576K
}
Event: 29.228 GC heap after
{Heap after GC invocations=47 (full 0):
 garbage-first heap   total 450560K, used 235005K [0x0000000080000000, 0x0000000100000000)
  region size 1024K, 11 young (11264K), 11 survivors (11264K)
 Metaspace       used 151913K, committed 152768K, reserved 1187840K
  class space    used 19688K, committed 20096K, reserved 1048576K
}
Event: 33.394 GC heap before
{Heap before GC invocations=48 (full 0):
 garbage-first heap   total 450560K, used 384509K [0x0000000080000000, 0x0000000100000000)
  region size 1024K, 142 young (145408K), 11 survivors (11264K)
 Metaspace       used 163153K, committed 164032K, reserved 1196032K
  class space    used 21089K, committed 21504K, reserved 1048576K
}
Event: 33.404 GC heap after
{Heap after GC invocations=49 (full 0):
 garbage-first heap   total 450560K, used 238448K [0x0000000080000000, 0x0000000100000000)
  region size 1024K, 13 young (13312K), 13 survivors (13312K)
 Metaspace       used 163153K, committed 164032K, reserved 1196032K
  class space    used 21089K, committed 21504K, reserved 1048576K
}
Event: 33.466 GC heap before
{Heap before GC invocations=49 (full 0):
 garbage-first heap   total 450560K, used 246640K [0x0000000080000000, 0x0000000100000000)
  region size 1024K, 22 young (22528K), 13 survivors (13312K)
 Metaspace       used 163204K, committed 164096K, reserved 1196032K
  class space    used 21089K, committed 21504K, reserved 1048576K
}
Event: 33.474 GC heap after
{Heap after GC invocations=50 (full 0):
 garbage-first heap   total 450560K, used 233845K [0x0000000080000000, 0x0000000100000000)
  region size 1024K, 3 young (3072K), 3 survivors (3072K)
 Metaspace       used 163204K, committed 164096K, reserved 1196032K
  class space    used 21089K, committed 21504K, reserved 1048576K
}
Event: 35.062 GC heap before
{Heap before GC invocations=50 (full 0):
 garbage-first heap   total 450560K, used 370037K [0x0000000080000000, 0x0000000100000000)
  region size 1024K, 136 young (139264K), 3 survivors (3072K)
 Metaspace       used 165474K, committed 166336K, reserved 1196032K
  class space    used 21314K, committed 21696K, reserved 1048576K
}
Event: 35.069 GC heap after
{Heap after GC invocations=51 (full 0):
 garbage-first heap   total 450560K, used 241425K [0x0000000080000000, 0x0000000100000000)
  region size 1024K, 11 young (11264K), 11 survivors (11264K)
 Metaspace       used 165474K, committed 166336K, reserved 1196032K
  class space    used 21314K, committed 21696K, reserved 1048576K
}

