# JRE version: OpenJDK Runtime Environment (17.0.6) (build 17.0.6+0-b2043.56-10027231)
# Java VM: OpenJDK 64-Bit Server VM (17.0.6+0-b2043.56-10027231, mixed mode, tiered, compressed oops, compressed class ptrs, g1 gc, windows-amd64)
GC Precious Log:
 CPUs: 6 total, 6 available
 Memory: 16315M
 Large Page Support: Disabled
 NUMA Support: Disabled
 Compressed Oops: Enabled (32-bit)
 Heap Region Size: 1M
 Heap Min Capacity: 8M
 Heap Initial Capacity: 256M
 Heap Max Capacity: 2G
 Pre-touch: Disabled
 Parallel Workers: 6
 Concurrent Workers: 2
 Concurrent Refinement Workers: 6
 Periodic GC: Disabled
Heap:
 garbage-first heap   total 139264K, used 90570K [0x0000000080000000, 0x0000000100000000)
  region size 1024K, 21 young (21504K), 1 survivors (1024K)
 Metaspace       used 84611K, committed 85184K, reserved 1130496K
  class space    used 11409K, committed 11712K, reserved 1048576K
GC Heap History (20 events):
Event: 5.973 GC heap before
{Heap before GC invocations=26 (full 0):
 garbage-first heap   total 96256K, used 57351K [0x0000000080000000, 0x0000000100000000)
  region size 1024K, 5 young (5120K), 3 survivors (3072K)
 Metaspace       used 65258K, committed 65856K, reserved 1105920K
  class space    used 8623K, committed 8896K, reserved 1048576K
}
Event: 5.975 GC heap after
{Heap after GC invocations=27 (full 0):
 garbage-first heap   total 115712K, used 56518K [0x0000000080000000, 0x0000000100000000)
  region size 1024K, 1 young (1024K), 1 survivors (1024K)
 Metaspace       used 65258K, committed 65856K, reserved 1105920K
  class space    used 8623K, committed 8896K, reserved 1048576K
}
Event: 6.162 GC heap before
{Heap before GC invocations=28 (full 0):
 garbage-first heap   total 115712K, used 85190K [0x0000000080000000, 0x0000000100000000)
  region size 1024K, 23 young (23552K), 1 survivors (1024K)
 Metaspace       used 66539K, committed 67136K, reserved 1114112K
  class space    used 8790K, committed 9088K, reserved 1048576K
}
Event: 6.164 GC heap after
{Heap after GC invocations=29 (full 0):
 garbage-first heap   total 115712K, used 58744K [0x0000000080000000, 0x0000000100000000)
  region size 1024K, 3 young (3072K), 3 survivors (3072K)
 Metaspace       used 66539K, committed 67136K, reserved 1114112K
  class space    used 8790K, committed 9088K, reserved 1048576K
}
Event: 6.202 GC heap before
{Heap before GC invocations=29 (full 0):
 garbage-first heap   total 115712K, used 60792K [0x0000000080000000, 0x0000000100000000)
  region size 1024K, 5 young (5120K), 3 survivors (3072K)
 Metaspace       used 66726K, committed 67264K, reserved 1114112K
  class space    used 8821K, committed 9088K, reserved 1048576K
}
Event: 6.205 GC heap after
{Heap after GC invocations=30 (full 0):
 garbage-first heap   total 115712K, used 59135K [0x0000000080000000, 0x0000000100000000)
  region size 1024K, 1 young (1024K), 1 survivors (1024K)
 Metaspace       used 66726K, committed 67264K, reserved 1114112K
  class space    used 8821K, committed 9088K, reserved 1048576K
}
Event: 6.413 GC heap before
{Heap before GC invocations=30 (full 0):
 garbage-first heap   total 115712K, used 80639K [0x0000000080000000, 0x0000000100000000)
  region size 1024K, 23 young (23552K), 1 survivors (1024K)
 Metaspace       used 68766K, committed 69376K, reserved 1114112K
  class space    used 9061K, committed 9344K, reserved 1048576K
}
Event: 6.415 GC heap after
{Heap after GC invocations=31 (full 0):
 garbage-first heap   total 115712K, used 60349K [0x0000000080000000, 0x0000000100000000)
  region size 1024K, 2 young (2048K), 2 survivors (2048K)
 Metaspace       used 68766K, committed 69376K, reserved 1114112K
  class space    used 9061K, committed 9344K, reserved 1048576K
}
Event: 6.730 GC heap before
{Heap before GC invocations=32 (full 0):
 garbage-first heap   total 115712K, used 84925K [0x0000000080000000, 0x0000000100000000)
  region size 1024K, 26 young (26624K), 2 survivors (2048K)
 Metaspace       used 71250K, committed 71872K, reserved 1114112K
  class space    used 9419K, committed 9728K, reserved 1048576K
}
Event: 6.734 GC heap after
{Heap after GC invocations=33 (full 0):
 garbage-first heap   total 115712K, used 62287K [0x0000000080000000, 0x0000000100000000)
  region size 1024K, 4 young (4096K), 4 survivors (4096K)
 Metaspace       used 71250K, committed 71872K, reserved 1114112K
  class space    used 9419K, committed 9728K, reserved 1048576K
}
Event: 7.029 GC heap before
{Heap before GC invocations=33 (full 0):
 garbage-first heap   total 115712K, used 85839K [0x0000000080000000, 0x0000000100000000)
  region size 1024K, 28 young (28672K), 4 survivors (4096K)
 Metaspace       used 74304K, committed 74944K, reserved 1114112K
  class space    used 9824K, committed 10112K, reserved 1048576K
}
Event: 7.031 GC heap after
{Heap after GC invocations=34 (full 0):
 garbage-first heap   total 115712K, used 63635K [0x0000000080000000, 0x0000000100000000)
  region size 1024K, 4 young (4096K), 4 survivors (4096K)
 Metaspace       used 74304K, committed 74944K, reserved 1114112K
  class space    used 9824K, committed 10112K, reserved 1048576K
}
Event: 7.288 GC heap before
{Heap before GC invocations=35 (full 0):
 garbage-first heap   total 115712K, used 88211K [0x0000000080000000, 0x0000000100000000)
  region size 1024K, 29 young (29696K), 4 survivors (4096K)
 Metaspace       used 76535K, committed 77120K, reserved 1122304K
  class space    used 10104K, committed 10368K, reserved 1048576K
}
Event: 7.292 GC heap after
{Heap after GC invocations=36 (full 0):
 garbage-first heap   total 115712K, used 67241K [0x0000000080000000, 0x0000000100000000)
  region size 1024K, 4 young (4096K), 4 survivors (4096K)
 Metaspace       used 76535K, committed 77120K, reserved 1122304K
  class space    used 10104K, committed 10368K, reserved 1048576K
}
Event: 7.508 GC heap before
{Heap before GC invocations=36 (full 0):
 garbage-first heap   total 115712K, used 89769K [0x0000000080000000, 0x0000000100000000)
  region size 1024K, 27 young (27648K), 4 survivors (4096K)
 Metaspace       used 77987K, committed 78528K, reserved 1122304K
  class space    used 10297K, committed 10560K, reserved 1048576K
}
Event: 7.512 GC heap after
{Heap after GC invocations=37 (full 0):
 garbage-first heap   total 139264K, used 69717K [0x0000000080000000, 0x0000000100000000)
  region size 1024K, 3 young (3072K), 3 survivors (3072K)
 Metaspace       used 77987K, committed 78528K, reserved 1122304K
  class space    used 10297K, committed 10560K, reserved 1048576K
}
Event: 7.996 GC heap before
{Heap before GC invocations=38 (full 0):
 garbage-first heap   total 139264K, used 107605K [0x0000000080000000, 0x0000000100000000)
  region size 1024K, 39 young (39936K), 3 survivors (3072K)
 Metaspace       used 82395K, committed 83008K, reserved 1122304K
  class space    used 11092K, committed 11392K, reserved 1048576K
}
Event: 7.998 GC heap after
{Heap after GC invocations=39 (full 0):
 garbage-first heap   total 139264K, used 71078K [0x0000000080000000, 0x0000000100000000)
  region size 1024K, 4 young (4096K), 4 survivors (4096K)
 Metaspace       used 82395K, committed 83008K, reserved 1122304K
  class space    used 11092K, committed 11392K, reserved 1048576K
}
Event: 8.027 GC heap before
{Heap before GC invocations=39 (full 0):
 garbage-first heap   total 139264K, used 73126K [0x0000000080000000, 0x0000000100000000)
  region size 1024K, 6 young (6144K), 4 survivors (4096K)
 Metaspace       used 82636K, committed 83264K, reserved 1122304K
  class space    used 11142K, committed 11456K, reserved 1048576K
}
Event: 8.029 GC heap after
{Heap after GC invocations=40 (full 0):
 garbage-first heap   total 139264K, used 71114K [0x0000000080000000, 0x0000000100000000)
  region size 1024K, 1 young (1024K), 1 survivors (1024K)
 Metaspace       used 82636K, committed 83264K, reserved 1122304K
  class space    used 11142K, committed 11456K, reserved 1048576K
}

