# JRE version: OpenJDK Runtime Environment (17.0.6) (build 17.0.6+0-b2043.56-10027231)
# Java VM: OpenJDK 64-Bit Server VM (17.0.6+0-b2043.56-10027231, mixed mode, tiered, compressed oops, compressed class ptrs, g1 gc, windows-amd64)
GC Precious Log:
 CPUs: 6 total, 6 available
 Memory: 16315M
 Large Page Support: Disabled
 NUMA Support: Disabled
 Compressed Oops: Enabled (32-bit)
 Heap Region Size: 1M
 Heap Min Capacity: 8M
 Heap Initial Capacity: 256M
 Heap Max Capacity: 2G
 Pre-touch: Disabled
 Parallel Workers: 6
 Concurrent Workers: 2
 Concurrent Refinement Workers: 6
 Periodic GC: Disabled
Heap:
 garbage-first heap   total 512000K, used 218788K [0x0000000080000000, 0x0000000100000000)
  region size 1024K, 34 young (34816K), 3 survivors (3072K)
 Metaspace       used 110566K, committed 111360K, reserved 1146880K
  class space    used 14670K, committed 15040K, reserved 1048576K
GC Heap History (20 events):
Event: 27.378 GC heap before
{Heap before GC invocations=61 (full 0):
 garbage-first heap   total 230400K, used 170879K [0x0000000080000000, 0x0000000100000000)
  region size 1024K, 34 young (34816K), 2 survivors (2048K)
 Metaspace       used 95231K, committed 96064K, reserved 1138688K
  class space    used 12827K, committed 13248K, reserved 1048576K
}
Event: 27.381 GC heap after
{Heap after GC invocations=62 (full 0):
 garbage-first heap   total 230400K, used 140997K [0x0000000080000000, 0x0000000100000000)
  region size 1024K, 4 young (4096K), 4 survivors (4096K)
 Metaspace       used 95231K, committed 96064K, reserved 1138688K
  class space    used 12827K, committed 13248K, reserved 1048576K
}
Event: 27.508 GC heap before
{Heap before GC invocations=63 (full 0):
 garbage-first heap   total 256000K, used 179909K [0x0000000080000000, 0x0000000100000000)
  region size 1024K, 38 young (38912K), 4 survivors (4096K)
 Metaspace       used 95239K, committed 96064K, reserved 1138688K
  class space    used 12828K, committed 13248K, reserved 1048576K
}
Event: 27.515 GC heap after
{Heap after GC invocations=64 (full 0):
 garbage-first heap   total 256000K, used 156348K [0x0000000080000000, 0x0000000100000000)
  region size 1024K, 5 young (5120K), 5 survivors (5120K)
 Metaspace       used 95239K, committed 96064K, reserved 1138688K
  class space    used 12828K, committed 13248K, reserved 1048576K
}
Event: 27.530 GC heap before
{Heap before GC invocations=64 (full 0):
 garbage-first heap   total 256000K, used 162492K [0x0000000080000000, 0x0000000100000000)
  region size 1024K, 12 young (12288K), 5 survivors (5120K)
 Metaspace       used 95239K, committed 96064K, reserved 1138688K
  class space    used 12828K, committed 13248K, reserved 1048576K
}
Event: 27.536 GC heap after
{Heap after GC invocations=65 (full 0):
 garbage-first heap   total 256000K, used 159227K [0x0000000080000000, 0x0000000100000000)
  region size 1024K, 2 young (2048K), 2 survivors (2048K)
 Metaspace       used 95239K, committed 96064K, reserved 1138688K
  class space    used 12828K, committed 13248K, reserved 1048576K
}
Event: 27.900 GC heap before
{Heap before GC invocations=65 (full 0):
 garbage-first heap   total 256000K, used 195067K [0x0000000080000000, 0x0000000100000000)
  region size 1024K, 37 young (37888K), 2 survivors (2048K)
 Metaspace       used 95264K, committed 96064K, reserved 1138688K
  class space    used 12829K, committed 13248K, reserved 1048576K
}
Event: 27.906 GC heap after
{Heap after GC invocations=66 (full 0):
 garbage-first heap   total 512000K, used 164549K [0x0000000080000000, 0x0000000100000000)
  region size 1024K, 5 young (5120K), 5 survivors (5120K)
 Metaspace       used 95264K, committed 96064K, reserved 1138688K
  class space    used 12829K, committed 13248K, reserved 1048576K
}
Event: 28.824 GC heap before
{Heap before GC invocations=67 (full 0):
 garbage-first heap   total 512000K, used 312005K [0x0000000080000000, 0x0000000100000000)
  region size 1024K, 151 young (154624K), 5 survivors (5120K)
 Metaspace       used 95267K, committed 96064K, reserved 1138688K
  class space    used 12829K, committed 13248K, reserved 1048576K
}
Event: 28.830 GC heap after
{Heap after GC invocations=68 (full 0):
 garbage-first heap   total 512000K, used 168325K [0x0000000080000000, 0x0000000100000000)
  region size 1024K, 11 young (11264K), 11 survivors (11264K)
 Metaspace       used 95267K, committed 96064K, reserved 1138688K
  class space    used 12829K, committed 13248K, reserved 1048576K
}
Event: 28.941 GC heap before
{Heap before GC invocations=68 (full 0):
 garbage-first heap   total 512000K, used 181637K [0x0000000080000000, 0x0000000100000000)
  region size 1024K, 25 young (25600K), 11 survivors (11264K)
 Metaspace       used 95267K, committed 96064K, reserved 1138688K
  class space    used 12829K, committed 13248K, reserved 1048576K
}
Event: 28.945 GC heap after
{Heap after GC invocations=69 (full 0):
 garbage-first heap   total 512000K, used 168592K [0x0000000080000000, 0x0000000100000000)
  region size 1024K, 3 young (3072K), 3 survivors (3072K)
 Metaspace       used 95267K, committed 96064K, reserved 1138688K
  class space    used 12829K, committed 13248K, reserved 1048576K
}
Event: 30.616 GC heap before
{Heap before GC invocations=69 (full 0):
 garbage-first heap   total 512000K, used 403088K [0x0000000080000000, 0x0000000100000000)
  region size 1024K, 217 young (222208K), 3 survivors (3072K)
 Metaspace       used 95536K, committed 96320K, reserved 1138688K
  class space    used 12867K, committed 13248K, reserved 1048576K
}
Event: 30.623 GC heap after
{Heap after GC invocations=70 (full 0):
 garbage-first heap   total 512000K, used 176911K [0x0000000080000000, 0x0000000100000000)
  region size 1024K, 12 young (12288K), 12 survivors (12288K)
 Metaspace       used 95536K, committed 96320K, reserved 1138688K
  class space    used 12867K, committed 13248K, reserved 1048576K
}
Event: 30.647 GC heap before
{Heap before GC invocations=70 (full 0):
 garbage-first heap   total 512000K, used 178959K [0x0000000080000000, 0x0000000100000000)
  region size 1024K, 16 young (16384K), 12 survivors (12288K)
 Metaspace       used 96017K, committed 96832K, reserved 1138688K
  class space    used 12907K, committed 13312K, reserved 1048576K
}
Event: 30.652 GC heap after
{Heap after GC invocations=71 (full 0):
 garbage-first heap   total 512000K, used 178411K [0x0000000080000000, 0x0000000100000000)
  region size 1024K, 13 young (13312K), 13 survivors (13312K)
 Metaspace       used 96017K, committed 96832K, reserved 1138688K
  class space    used 12907K, committed 13312K, reserved 1048576K
}
Event: 33.484 GC heap before
{Heap before GC invocations=72 (full 0):
 garbage-first heap   total 512000K, used 411883K [0x0000000080000000, 0x0000000100000000)
  region size 1024K, 240 young (245760K), 13 survivors (13312K)
 Metaspace       used 109490K, committed 110336K, reserved 1146880K
  class space    used 14525K, committed 14912K, reserved 1048576K
}
Event: 33.498 GC heap after
{Heap after GC invocations=73 (full 0):
 garbage-first heap   total 512000K, used 188736K [0x0000000080000000, 0x0000000100000000)
  region size 1024K, 23 young (23552K), 23 survivors (23552K)
 Metaspace       used 109490K, committed 110336K, reserved 1146880K
  class space    used 14525K, committed 14912K, reserved 1048576K
}
Event: 33.502 GC heap before
{Heap before GC invocations=73 (full 0):
 garbage-first heap   total 512000K, used 190784K [0x0000000080000000, 0x0000000100000000)
  region size 1024K, 25 young (25600K), 23 survivors (23552K)
 Metaspace       used 109492K, committed 110336K, reserved 1146880K
  class space    used 14525K, committed 14912K, reserved 1048576K
}
Event: 33.513 GC heap after
{Heap after GC invocations=74 (full 0):
 garbage-first heap   total 512000K, used 188068K [0x0000000080000000, 0x0000000100000000)
  region size 1024K, 3 young (3072K), 3 survivors (3072K)
 Metaspace       used 109492K, committed 110336K, reserved 1146880K
  class space    used 14525K, committed 14912K, reserved 1048576K
}

