# JRE version: OpenJDK Runtime Environment (17.0.6) (build 17.0.6+0-b2043.56-10027231)
# Java VM: OpenJDK 64-Bit Server VM (17.0.6+0-b2043.56-10027231, mixed mode, tiered, compressed oops, compressed class ptrs, g1 gc, windows-amd64)
GC Precious Log:
 CPUs: 6 total, 6 available
 Memory: 16315M
 Large Page Support: Disabled
 NUMA Support: Disabled
 Compressed Oops: Enabled (32-bit)
 Heap Region Size: 1M
 Heap Min Capacity: 8M
 Heap Initial Capacity: 256M
 Heap Max Capacity: 2G
 Pre-touch: Disabled
 Parallel Workers: 6
 Concurrent Workers: 2
 Concurrent Refinement Workers: 6
 Periodic GC: Disabled
Heap:
 garbage-first heap   total 262144K, used 168081K [0x0000000080000000, 0x0000000100000000)
  region size 1024K, 6 young (6144K), 6 survivors (6144K)
 Metaspace       used 95029K, committed 95808K, reserved 1138688K
  class space    used 12813K, committed 13184K, reserved 1048576K
GC Heap History (20 events):
Event: 8.160 GC heap after
{Heap after GC invocations=37 (full 0):
 garbage-first heap   total 181248K, used 102386K [0x0000000080000000, 0x0000000100000000)
  region size 1024K, 6 young (6144K), 6 survivors (6144K)
 Metaspace       used 78993K, committed 79680K, reserved 1122304K
  class space    used 10508K, committed 10816K, reserved 1048576K
}
Event: 8.499 GC heap before
{Heap before GC invocations=37 (full 0):
 garbage-first heap   total 181248K, used 142322K [0x0000000080000000, 0x0000000100000000)
  region size 1024K, 45 young (46080K), 6 survivors (6144K)
 Metaspace       used 81381K, committed 82112K, reserved 1122304K
  class space    used 10823K, committed 11136K, reserved 1048576K
}
Event: 8.504 GC heap after
{Heap after GC invocations=38 (full 0):
 garbage-first heap   total 181248K, used 105854K [0x0000000080000000, 0x0000000100000000)
  region size 1024K, 6 young (6144K), 6 survivors (6144K)
 Metaspace       used 81381K, committed 82112K, reserved 1122304K
  class space    used 10823K, committed 11136K, reserved 1048576K
}
Event: 8.929 GC heap before
{Heap before GC invocations=39 (full 0):
 garbage-first heap   total 183296K, used 145790K [0x0000000080000000, 0x0000000100000000)
  region size 1024K, 44 young (45056K), 6 survivors (6144K)
 Metaspace       used 85997K, committed 86656K, reserved 1130496K
  class space    used 11639K, committed 11968K, reserved 1048576K
}
Event: 8.933 GC heap after
{Heap after GC invocations=40 (full 0):
 garbage-first heap   total 183296K, used 108408K [0x0000000080000000, 0x0000000100000000)
  region size 1024K, 3 young (3072K), 3 survivors (3072K)
 Metaspace       used 85997K, committed 86656K, reserved 1130496K
  class space    used 11639K, committed 11968K, reserved 1048576K
}
Event: 8.967 GC heap before
{Heap before GC invocations=40 (full 0):
 garbage-first heap   total 183296K, used 113528K [0x0000000080000000, 0x0000000100000000)
  region size 1024K, 8 young (8192K), 3 survivors (3072K)
 Metaspace       used 86382K, committed 87040K, reserved 1130496K
  class space    used 11705K, committed 12032K, reserved 1048576K
}
Event: 8.969 GC heap after
{Heap after GC invocations=41 (full 0):
 garbage-first heap   total 183296K, used 108706K [0x0000000080000000, 0x0000000100000000)
  region size 1024K, 1 young (1024K), 1 survivors (1024K)
 Metaspace       used 86382K, committed 87040K, reserved 1130496K
  class space    used 11705K, committed 12032K, reserved 1048576K
}
Event: 9.235 GC heap before
{Heap before GC invocations=41 (full 0):
 garbage-first heap   total 183296K, used 134306K [0x0000000080000000, 0x0000000100000000)
  region size 1024K, 28 young (28672K), 1 survivors (1024K)
 Metaspace       used 89130K, committed 89792K, reserved 1130496K
  class space    used 12051K, committed 12352K, reserved 1048576K
}
Event: 9.239 GC heap after
{Heap after GC invocations=42 (full 0):
 garbage-first heap   total 183296K, used 112666K [0x0000000080000000, 0x0000000100000000)
  region size 1024K, 5 young (5120K), 5 survivors (5120K)
 Metaspace       used 89130K, committed 89792K, reserved 1130496K
  class space    used 12051K, committed 12352K, reserved 1048576K
}
Event: 9.762 GC heap before
{Heap before GC invocations=43 (full 0):
 garbage-first heap   total 194560K, used 172058K [0x0000000080000000, 0x0000000100000000)
  region size 1024K, 41 young (41984K), 5 survivors (5120K)
 Metaspace       used 93614K, committed 94336K, reserved 1130496K
  class space    used 12634K, committed 12992K, reserved 1048576K
}
Event: 9.768 GC heap after
{Heap after GC invocations=44 (full 0):
 garbage-first heap   total 194560K, used 141484K [0x0000000080000000, 0x0000000100000000)
  region size 1024K, 6 young (6144K), 6 survivors (6144K)
 Metaspace       used 93614K, committed 94336K, reserved 1130496K
  class space    used 12634K, committed 12992K, reserved 1048576K
}
Event: 9.796 GC heap before
{Heap before GC invocations=44 (full 0):
 garbage-first heap   total 194560K, used 143532K [0x0000000080000000, 0x0000000100000000)
  region size 1024K, 9 young (9216K), 6 survivors (6144K)
 Metaspace       used 93644K, committed 94400K, reserved 1130496K
  class space    used 12634K, committed 12992K, reserved 1048576K
}
Event: 9.798 GC heap after
{Heap after GC invocations=45 (full 0):
 garbage-first heap   total 194560K, used 142222K [0x0000000080000000, 0x0000000100000000)
  region size 1024K, 1 young (1024K), 1 survivors (1024K)
 Metaspace       used 93644K, committed 94400K, reserved 1130496K
  class space    used 12634K, committed 12992K, reserved 1048576K
}
Event: 9.925 GC heap before
{Heap before GC invocations=45 (full 0):
 garbage-first heap   total 194560K, used 163726K [0x0000000080000000, 0x0000000100000000)
  region size 1024K, 23 young (23552K), 1 survivors (1024K)
 Metaspace       used 94352K, committed 95168K, reserved 1138688K
  class space    used 12726K, committed 13120K, reserved 1048576K
}
Event: 9.927 GC heap after
{Heap after GC invocations=46 (full 0):
 garbage-first heap   total 194560K, used 143624K [0x0000000080000000, 0x0000000100000000)
  region size 1024K, 2 young (2048K), 2 survivors (2048K)
 Metaspace       used 94352K, committed 95168K, reserved 1138688K
  class space    used 12726K, committed 13120K, reserved 1048576K
}
Event: 10.106 GC heap before
{Heap before GC invocations=47 (full 0):
 garbage-first heap   total 249856K, used 170248K [0x0000000080000000, 0x0000000100000000)
  region size 1024K, 24 young (24576K), 2 survivors (2048K)
 Metaspace       used 95002K, committed 95744K, reserved 1138688K
  class space    used 12813K, committed 13184K, reserved 1048576K
}
Event: 10.111 GC heap after
{Heap after GC invocations=48 (full 0):
 garbage-first heap   total 249856K, used 153847K [0x0000000080000000, 0x0000000100000000)
  region size 1024K, 3 young (3072K), 3 survivors (3072K)
 Metaspace       used 95002K, committed 95744K, reserved 1138688K
  class space    used 12813K, committed 13184K, reserved 1048576K
}
Event: 10.132 GC heap before
{Heap before GC invocations=48 (full 0):
 garbage-first heap   total 249856K, used 163063K [0x0000000080000000, 0x0000000100000000)
  region size 1024K, 12 young (12288K), 3 survivors (3072K)
 Metaspace       used 95002K, committed 95744K, reserved 1138688K
  class space    used 12813K, committed 13184K, reserved 1048576K
}
Event: 10.137 GC heap after
{Heap after GC invocations=49 (full 0):
 garbage-first heap   total 249856K, used 156927K [0x0000000080000000, 0x0000000100000000)
  region size 1024K, 2 young (2048K), 2 survivors (2048K)
 Metaspace       used 95002K, committed 95744K, reserved 1138688K
  class space    used 12813K, committed 13184K, reserved 1048576K
}
Event: 10.567 GC heap before
{Heap before GC invocations=49 (full 0):
 garbage-first heap   total 249856K, used 203007K [0x0000000080000000, 0x0000000100000000)
  region size 1024K, 48 young (49152K), 2 survivors (2048K)
 Metaspace       used 95029K, committed 95808K, reserved 1138688K
  class space    used 12813K, committed 13184K, reserved 1048576K
}

