# JRE version: OpenJDK Runtime Environment (17.0.6) (build 17.0.6+0-b2043.56-10027231)
# Java VM: OpenJDK 64-Bit Server VM (17.0.6+0-b2043.56-10027231, mixed mode, tiered, compressed oops, compressed class ptrs, g1 gc, windows-amd64)
GC Precious Log:
 CPUs: 6 total, 6 available
 Memory: 16315M
 Large Page Support: Disabled
 NUMA Support: Disabled
 Compressed Oops: Enabled (32-bit)
 Heap Region Size: 1M
 Heap Min Capacity: 8M
 Heap Initial Capacity: 256M
 Heap Max Capacity: 2G
 Pre-touch: Disabled
 Parallel Workers: 6
 Concurrent Workers: 2
 Concurrent Refinement Workers: 6
 Periodic GC: Disabled
Heap:
 garbage-first heap   total 162816K, used 119014K [0x0000000080000000, 0x0000000100000000)
  region size 1024K, 23 young (23552K), 1 survivors (1024K)
 Metaspace       used 71569K, committed 72256K, reserved 1114112K
  class space    used 9510K, committed 9792K, reserved 1048576K
GC Heap History (20 events):
Event: 4.176 GC heap before
{Heap before GC invocations=19 (full 0):
 garbage-first heap   total 112640K, used 71157K [0x0000000080000000, 0x0000000100000000)
  region size 1024K, 5 young (5120K), 3 survivors (3072K)
 Metaspace       used 49325K, committed 49856K, reserved 1097728K
  class space    used 6465K, committed 6720K, reserved 1048576K
}
Event: 4.178 GC heap after
{Heap after GC invocations=20 (full 0):
 garbage-first heap   total 112640K, used 69177K [0x0000000080000000, 0x0000000100000000)
  region size 1024K, 1 young (1024K), 1 survivors (1024K)
 Metaspace       used 49325K, committed 49856K, reserved 1097728K
  class space    used 6465K, committed 6720K, reserved 1048576K
}
Event: 4.356 GC heap before
{Heap before GC invocations=20 (full 0):
 garbage-first heap   total 112640K, used 90681K [0x0000000080000000, 0x0000000100000000)
  region size 1024K, 22 young (22528K), 1 survivors (1024K)
 Metaspace       used 50800K, committed 51328K, reserved 1097728K
  class space    used 6734K, committed 6976K, reserved 1048576K
}
Event: 4.358 GC heap after
{Heap after GC invocations=21 (full 0):
 garbage-first heap   total 151552K, used 69841K [0x0000000080000000, 0x0000000100000000)
  region size 1024K, 2 young (2048K), 2 survivors (2048K)
 Metaspace       used 50800K, committed 51328K, reserved 1097728K
  class space    used 6734K, committed 6976K, reserved 1048576K
}
Event: 5.102 GC heap before
{Heap before GC invocations=22 (full 0):
 garbage-first heap   total 151552K, used 110801K [0x0000000080000000, 0x0000000100000000)
  region size 1024K, 42 young (43008K), 2 survivors (2048K)
 Metaspace       used 55566K, committed 56192K, reserved 1105920K
  class space    used 7508K, committed 7808K, reserved 1048576K
}
Event: 5.105 GC heap after
{Heap after GC invocations=23 (full 0):
 garbage-first heap   total 151552K, used 72566K [0x0000000080000000, 0x0000000100000000)
  region size 1024K, 4 young (4096K), 4 survivors (4096K)
 Metaspace       used 55566K, committed 56192K, reserved 1105920K
  class space    used 7508K, committed 7808K, reserved 1048576K
}
Event: 5.188 GC heap before
{Heap before GC invocations=23 (full 0):
 garbage-first heap   total 151552K, used 75638K [0x0000000080000000, 0x0000000100000000)
  region size 1024K, 7 young (7168K), 4 survivors (4096K)
 Metaspace       used 55654K, committed 56256K, reserved 1105920K
  class space    used 7512K, committed 7808K, reserved 1048576K
}
Event: 5.191 GC heap after
{Heap after GC invocations=24 (full 0):
 garbage-first heap   total 151552K, used 72955K [0x0000000080000000, 0x0000000100000000)
  region size 1024K, 1 young (1024K), 1 survivors (1024K)
 Metaspace       used 55654K, committed 56256K, reserved 1105920K
  class space    used 7512K, committed 7808K, reserved 1048576K
}
Event: 5.654 GC heap before
{Heap before GC invocations=24 (full 0):
 garbage-first heap   total 151552K, used 102651K [0x0000000080000000, 0x0000000100000000)
  region size 1024K, 32 young (32768K), 1 survivors (1024K)
 Metaspace       used 56443K, committed 57088K, reserved 1105920K
  class space    used 7577K, committed 7872K, reserved 1048576K
}
Event: 5.658 GC heap after
{Heap after GC invocations=25 (full 0):
 garbage-first heap   total 151552K, used 76185K [0x0000000080000000, 0x0000000100000000)
  region size 1024K, 5 young (5120K), 5 survivors (5120K)
 Metaspace       used 56443K, committed 57088K, reserved 1105920K
  class space    used 7577K, committed 7872K, reserved 1048576K
}
Event: 6.067 GC heap before
{Heap before GC invocations=26 (full 0):
 garbage-first heap   total 151552K, used 126361K [0x0000000080000000, 0x0000000100000000)
  region size 1024K, 44 young (45056K), 5 survivors (5120K)
 Metaspace       used 60987K, committed 61632K, reserved 1105920K
  class space    used 8156K, committed 8448K, reserved 1048576K
}
Event: 6.071 GC heap after
{Heap after GC invocations=27 (full 0):
 garbage-first heap   total 151552K, used 92327K [0x0000000080000000, 0x0000000100000000)
  region size 1024K, 6 young (6144K), 6 survivors (6144K)
 Metaspace       used 60987K, committed 61632K, reserved 1105920K
  class space    used 8156K, committed 8448K, reserved 1048576K
}
Event: 6.081 GC heap before
{Heap before GC invocations=27 (full 0):
 garbage-first heap   total 151552K, used 92327K [0x0000000080000000, 0x0000000100000000)
  region size 1024K, 7 young (7168K), 6 survivors (6144K)
 Metaspace       used 61115K, committed 61760K, reserved 1105920K
  class space    used 8179K, committed 8448K, reserved 1048576K
}
Event: 6.083 GC heap after
{Heap after GC invocations=28 (full 0):
 garbage-first heap   total 151552K, used 92595K [0x0000000080000000, 0x0000000100000000)
  region size 1024K, 1 young (1024K), 1 survivors (1024K)
 Metaspace       used 61115K, committed 61760K, reserved 1105920K
  class space    used 8179K, committed 8448K, reserved 1048576K
}
Event: 6.577 GC heap before
{Heap before GC invocations=28 (full 0):
 garbage-first heap   total 151552K, used 123315K [0x0000000080000000, 0x0000000100000000)
  region size 1024K, 31 young (31744K), 1 survivors (1024K)
 Metaspace       used 66363K, committed 67008K, reserved 1114112K
  class space    used 8846K, committed 9152K, reserved 1048576K
}
Event: 6.579 GC heap after
{Heap after GC invocations=29 (full 0):
 garbage-first heap   total 151552K, used 94085K [0x0000000080000000, 0x0000000100000000)
  region size 1024K, 2 young (2048K), 2 survivors (2048K)
 Metaspace       used 66363K, committed 67008K, reserved 1114112K
  class space    used 8846K, committed 9152K, reserved 1048576K
}
Event: 6.943 GC heap before
{Heap before GC invocations=30 (full 0):
 garbage-first heap   total 162816K, used 129925K [0x0000000080000000, 0x0000000100000000)
  region size 1024K, 31 young (31744K), 2 survivors (2048K)
 Metaspace       used 69244K, committed 69952K, reserved 1114112K
  class space    used 9207K, committed 9536K, reserved 1048576K
}
Event: 6.946 GC heap after
{Heap after GC invocations=31 (full 0):
 garbage-first heap   total 162816K, used 97539K [0x0000000080000000, 0x0000000100000000)
  region size 1024K, 4 young (4096K), 4 survivors (4096K)
 Metaspace       used 69244K, committed 69952K, reserved 1114112K
  class space    used 9207K, committed 9536K, reserved 1048576K
}
Event: 6.975 GC heap before
{Heap before GC invocations=31 (full 0):
 garbage-first heap   total 162816K, used 100611K [0x0000000080000000, 0x0000000100000000)
  region size 1024K, 7 young (7168K), 4 survivors (4096K)
 Metaspace       used 69509K, committed 70208K, reserved 1114112K
  class space    used 9244K, committed 9536K, reserved 1048576K
}
Event: 6.977 GC heap after
{Heap after GC invocations=32 (full 0):
 garbage-first heap   total 162816K, used 97510K [0x0000000080000000, 0x0000000100000000)
  region size 1024K, 1 young (1024K), 1 survivors (1024K)
 Metaspace       used 69509K, committed 70208K, reserved 1114112K
  class space    used 9244K, committed 9536K, reserved 1048576K
}

